<?xml version="1.0" encoding="UTF-8"?>
<!-- Generated by org.testng.reporters.JUnitReportReporter -->
<testsuite hostname="User" failures="0" tests="4" name="testcases.Create_Lead_01" time="240.889" errors="0" timestamp="2024-05-06T19:40:33 IST" skipped="0">
  <testcase classname="testcases.Create_Lead_01" name="runScenario" time="76.079"/>
  <system-out/>
  <testcase classname="testcases.Create_Lead_01" name="runCreateLead" time="62.558"/>
  <system-out/>
  <testcase classname="testcases.Create_Lead_01" name="runScenario" time="32.377"/>
  <system-out/>
  <testcase classname="testcases.Create_Lead_01" name="runScenario" time="69.875"/>
  <system-out/>
</testsuite> <!-- testcases.Create_Lead_01 -->
