<?xml version="1.0" encoding="UTF-8"?>
<!-- Generated by org.testng.reporters.JUnitReportReporter -->
<testsuite hostname="User" failures="0" tests="4" name="testcases.Login_TC_01" time="210.342" errors="0" timestamp="2024-05-06T19:40:33 IST" skipped="0">
  <testcase classname="testcases.Login_TC_01" name="runScenario" time="67.718"/>
  <system-out/>
  <testcase classname="testcases.Login_TC_01" name="runScenario" time="74.505"/>
  <system-out/>
  <testcase classname="testcases.Login_TC_01" name="runLogin" time="31.266"/>
  <system-out/>
  <testcase classname="testcases.Login_TC_01" name="runScenario" time="36.853"/>
  <system-out/>
</testsuite> <!-- testcases.Login_TC_01 -->
